<?xml version="1.0" encoding="UTF-8"?>
<!-- Generated by org.testng.reporters.JUnitReportReporter -->
<testsuite skipped="0" hostname="Scientist" name="com.wordpress.TestCases.TC001_LoginTest" tests="1" failures="0" timestamp="24 Aug 2021 06:36:28 GMT" time="9.044" errors="0">
  <testcase name="loginTest" time="9.044" classname="com.wordpress.TestCases.TC001_LoginTest"/>
</testsuite> <!-- com.wordpress.TestCases.TC001_LoginTest -->
