<?xml version="1.0" encoding="UTF-8"?>
<!-- Generated by org.testng.reporters.JUnitReportReporter -->
<testsuite skipped="0" hostname="Scientist" name="com.wordpress.TestCases.TC002_MyProfilePage" tests="1" failures="0" timestamp="24 Aug 2021 07:45:24 GMT" time="38.207" errors="0">
  <testcase name="setMyProfile" time="38.207" classname="com.wordpress.TestCases.TC002_MyProfilePage"/>
</testsuite> <!-- com.wordpress.TestCases.TC002_MyProfilePage -->
